<?xml version="1.0" encoding="UTF-8"?>
<!-- Generated by org.testng.reporters.JUnitXMLReporter -->
<testsuite ignored="0" hostname="DESKTOP-0RNRBME" failures="0" tests="2" name="Plate Test" time="1.282" errors="0" timestamp="2024-02-21T20:52:00 IST">
  <testcase classname="com.w2a.testcases.PlateNumberTest" name="plateNumberTest" time="0.038">
    <skipped/>
  </testcase> <!-- plateNumberTest -->
  <testcase classname="com.w2a.testcases.PlateNumberTest" name="plateNumberTest" time="0.001">
    <skipped/>
  </testcase> <!-- plateNumberTest -->
</testsuite> <!-- Plate Test -->
